2024-07-15T01:48:00,317 INFO   --- [main] com.ophidia.DatabaseManager.dao.BaseDao(BaseDao.java:37) : BaseDao initialized
2024-07-15T01:48:00,321 INFO   --- [main] com.ophidia.DatabaseManager.dao.BaseDao(BaseDao.java:37) : BaseDao initialized
2024-07-15T01:48:00,617 INFO   --- [main] com.ophidia.DatabaseManager.DatabaseManagerApplication(StartupInfoLogger.java:50) : Starting DatabaseManagerApplication using Java 17.0.9 with PID 39073 (/Users/furkanaydin/Downloads/DatabaseManager/target/classes started by furkanaydin in /Users/furkanaydin/Downloads/DatabaseManager)
2024-07-15T01:48:00,618 INFO   --- [main] com.ophidia.DatabaseManager.DatabaseManagerApplication(SpringApplication.java:654) : No active profile set, falling back to 1 default profile: "default"
2024-07-15T01:48:01,108 INFO   --- [main] org.springframework.boot.web.embedded.tomcat.TomcatWebServer(TomcatWebServer.java:111) : Tomcat initialized with port 8080 (http)
2024-07-15T01:48:01,114 INFO   --- [main] org.apache.coyote.http11.Http11NioProtocol(DirectJDKLog.java:173) : Initializing ProtocolHandler ["http-nio-8080"]
2024-07-15T01:48:01,115 INFO   --- [main] org.apache.catalina.core.StandardService(DirectJDKLog.java:173) : Starting service [Tomcat]
2024-07-15T01:48:01,115 INFO   --- [main] org.apache.catalina.core.StandardEngine(DirectJDKLog.java:173) : Starting Servlet engine: [Apache Tomcat/10.1.25]
2024-07-15T01:48:01,144 INFO   --- [main] org.apache.catalina.core.ContainerBase.[Tomcat].[localhost].[/](DirectJDKLog.java:173) : Initializing Spring embedded WebApplicationContext
2024-07-15T01:48:01,144 INFO   --- [main] org.springframework.boot.web.servlet.context.ServletWebServerApplicationContext(ServletWebServerApplicationContext.java:296) : Root WebApplicationContext: initialization completed in 506 ms
2024-07-15T01:48:01,306 INFO   --- [main] org.apache.coyote.http11.Http11NioProtocol(DirectJDKLog.java:173) : Starting ProtocolHandler ["http-nio-8080"]
2024-07-15T01:48:01,321 INFO   --- [main] org.springframework.boot.web.embedded.tomcat.TomcatWebServer(TomcatWebServer.java:243) : Tomcat started on port 8080 (http) with context path '/'
2024-07-15T01:48:01,327 INFO   --- [main] com.ophidia.DatabaseManager.DatabaseManagerApplication(StartupInfoLogger.java:56) : Started DatabaseManagerApplication in 0.942 seconds (process running for 1.867)
2024-07-15T01:48:11,970 INFO   --- [http-nio-8080-exec-1] org.apache.catalina.core.ContainerBase.[Tomcat].[localhost].[/](DirectJDKLog.java:173) : Initializing Spring DispatcherServlet 'dispatcherServlet'
2024-07-15T01:48:11,971 INFO   --- [http-nio-8080-exec-1] org.springframework.web.servlet.DispatcherServlet(FrameworkServlet.java:532) : Initializing Servlet 'dispatcherServlet'
2024-07-15T01:48:11,974 INFO   --- [http-nio-8080-exec-1] org.springframework.web.servlet.DispatcherServlet(FrameworkServlet.java:554) : Completed initialization in 2 ms
2024-07-15T01:48:12,213 INFO   --- [http-nio-8080-exec-1] org.hibernate.jpa.internal.util.LogHelper(LogHelper.java:31) : HHH000204: Processing PersistenceUnitInfo [name: myPersistenceUnit]
2024-07-15T01:48:12,258 INFO   --- [http-nio-8080-exec-1] org.hibernate.Version(Version.java:44) : HHH000412: Hibernate ORM core version 6.5.2.Final
2024-07-15T01:48:12,261 WARN   --- [http-nio-8080-exec-1] org.hibernate.orm.deprecation(EntityManagerFactoryBuilderImpl.java:732) : HHH90000021: Encountered deprecated setting [javax.persistence.jdbc.user], use [jakarta.persistence.jdbc.user] instead
2024-07-15T01:48:12,261 WARN   --- [http-nio-8080-exec-1] org.hibernate.orm.deprecation(EntityManagerFactoryBuilderImpl.java:753) : HHH90000021: Encountered deprecated setting [javax.persistence.jdbc.password], use [jakarta.persistence.jdbc.password] instead
2024-07-15T01:48:12,261 WARN   --- [http-nio-8080-exec-1] org.hibernate.orm.deprecation(EntityManagerFactoryBuilderImpl.java:999) : HHH90000021: Encountered deprecated setting [javax.persistence.jdbc.url], use [jakarta.persistence.jdbc.url] instead
2024-07-15T01:48:12,262 WARN   --- [http-nio-8080-exec-1] org.hibernate.orm.deprecation(EntityManagerFactoryBuilderImpl.java:1010) : HHH90000021: Encountered deprecated setting [javax.persistence.jdbc.driver], use [jakarta.persistence.jdbc.driver] instead
2024-07-15T01:48:12,279 INFO   --- [http-nio-8080-exec-1] org.hibernate.cache.internal.RegionFactoryInitiator(RegionFactoryInitiator.java:50) : HHH000026: Second-level cache disabled
2024-07-15T01:48:12,363 WARN   --- [http-nio-8080-exec-1] org.hibernate.orm.deprecation(JdbcEnvironmentInitiator.java:197) : HHH90000021: Encountered deprecated setting [hibernate.temp.use_jdbc_metadata_defaults], use [hibernate.boot.allow_jdbc_metadata_access] instead
2024-07-15T01:48:12,374 WARN   --- [http-nio-8080-exec-1] org.hibernate.orm.deprecation(DialectFactoryImpl.java:153) : HHH90000025: PostgreSQLDialect does not need to be specified explicitly using 'hibernate.dialect' (remove the property setting and it will be selected by default)
2024-07-15T01:48:12,696 WARN   --- [http-nio-8080-exec-1] org.hibernate.orm.connections.pooling(DriverManagerConnectionProviderImpl.java:81) : HHH10001002: Using built-in connection pool (not intended for production use)
2024-07-15T01:48:12,699 INFO   --- [http-nio-8080-exec-1] org.hibernate.orm.connections.pooling(DriverManagerConnectionProviderImpl.java:136) : HHH10001005: Loaded JDBC driver class: org.postgresql.Driver
2024-07-15T01:48:12,699 INFO   --- [http-nio-8080-exec-1] org.hibernate.orm.connections.pooling(DriverManagerConnectionProviderImpl.java:158) : HHH10001012: Connecting with JDBC URL [jdbc:postgresql://localhost:5432/swapiffy]
2024-07-15T01:48:12,699 INFO   --- [http-nio-8080-exec-1] org.hibernate.orm.connections.pooling(DriverManagerConnectionProviderImpl.java:167) : HHH10001001: Connection properties: {password=****, user=Kemal}
2024-07-15T01:48:12,699 INFO   --- [http-nio-8080-exec-1] org.hibernate.orm.connections.pooling(DriverManagerConnectionProviderImpl.java:171) : HHH10001003: Autocommit mode: false
2024-07-15T01:48:12,700 INFO   --- [http-nio-8080-exec-1] org.hibernate.orm.connections.pooling(DriverManagerConnectionProviderImpl.java:372) : HHH10001115: Connection pool size: 20 (min=1)
2024-07-15T01:48:12,803 INFO   --- [http-nio-8080-exec-1] org.hibernate.engine.transaction.jta.platform.internal.JtaPlatformInitiator(JtaPlatformInitiator.java:59) : HHH000489: No JTA platform available (set 'hibernate.transaction.jta.platform' to enable JTA platform integration)
2024-07-15T14:22:01,579 INFO   --- [http-nio-8080-exec-10] org.hibernate.jpa.internal.util.LogHelper(LogHelper.java:31) : HHH000204: Processing PersistenceUnitInfo [name: myPersistenceUnit]
2024-07-15T14:22:01,589 WARN   --- [http-nio-8080-exec-10] org.hibernate.orm.deprecation(EntityManagerFactoryBuilderImpl.java:732) : HHH90000021: Encountered deprecated setting [javax.persistence.jdbc.user], use [jakarta.persistence.jdbc.user] instead
2024-07-15T14:22:01,589 WARN   --- [http-nio-8080-exec-10] org.hibernate.orm.deprecation(EntityManagerFactoryBuilderImpl.java:753) : HHH90000021: Encountered deprecated setting [javax.persistence.jdbc.password], use [jakarta.persistence.jdbc.password] instead
2024-07-15T14:22:01,589 WARN   --- [http-nio-8080-exec-10] org.hibernate.orm.deprecation(EntityManagerFactoryBuilderImpl.java:999) : HHH90000021: Encountered deprecated setting [javax.persistence.jdbc.url], use [jakarta.persistence.jdbc.url] instead
2024-07-15T14:22:01,589 WARN   --- [http-nio-8080-exec-10] org.hibernate.orm.deprecation(EntityManagerFactoryBuilderImpl.java:1010) : HHH90000021: Encountered deprecated setting [javax.persistence.jdbc.driver], use [jakarta.persistence.jdbc.driver] instead
2024-07-15T14:22:01,592 INFO   --- [http-nio-8080-exec-10] org.hibernate.cache.internal.RegionFactoryInitiator(RegionFactoryInitiator.java:50) : HHH000026: Second-level cache disabled
2024-07-15T14:22:01,634 WARN   --- [http-nio-8080-exec-10] org.hibernate.orm.deprecation(JdbcEnvironmentInitiator.java:197) : HHH90000021: Encountered deprecated setting [hibernate.temp.use_jdbc_metadata_defaults], use [hibernate.boot.allow_jdbc_metadata_access] instead
2024-07-15T14:22:01,641 WARN   --- [http-nio-8080-exec-10] org.hibernate.orm.deprecation(DialectFactoryImpl.java:153) : HHH90000025: PostgreSQLDialect does not need to be specified explicitly using 'hibernate.dialect' (remove the property setting and it will be selected by default)
2024-07-15T14:22:01,704 WARN   --- [http-nio-8080-exec-10] org.hibernate.orm.connections.pooling(DriverManagerConnectionProviderImpl.java:81) : HHH10001002: Using built-in connection pool (not intended for production use)
2024-07-15T14:22:01,704 INFO   --- [http-nio-8080-exec-10] org.hibernate.orm.connections.pooling(DriverManagerConnectionProviderImpl.java:136) : HHH10001005: Loaded JDBC driver class: org.postgresql.Driver
2024-07-15T14:22:01,704 INFO   --- [http-nio-8080-exec-10] org.hibernate.orm.connections.pooling(DriverManagerConnectionProviderImpl.java:158) : HHH10001012: Connecting with JDBC URL [jdbc:postgresql://localhost:5432/swapiffy]
2024-07-15T14:22:01,704 INFO   --- [http-nio-8080-exec-10] org.hibernate.orm.connections.pooling(DriverManagerConnectionProviderImpl.java:167) : HHH10001001: Connection properties: {password=****, user=Kemal}
2024-07-15T14:22:01,704 INFO   --- [http-nio-8080-exec-10] org.hibernate.orm.connections.pooling(DriverManagerConnectionProviderImpl.java:171) : HHH10001003: Autocommit mode: false
2024-07-15T14:22:01,705 INFO   --- [http-nio-8080-exec-10] org.hibernate.orm.connections.pooling(DriverManagerConnectionProviderImpl.java:372) : HHH10001115: Connection pool size: 20 (min=1)
2024-07-15T14:22:01,761 INFO   --- [http-nio-8080-exec-10] org.hibernate.engine.transaction.jta.platform.internal.JtaPlatformInitiator(JtaPlatformInitiator.java:59) : HHH000489: No JTA platform available (set 'hibernate.transaction.jta.platform' to enable JTA platform integration)
2024-07-15T14:22:17,148 INFO   --- [http-nio-8080-exec-3] org.hibernate.jpa.internal.util.LogHelper(LogHelper.java:31) : HHH000204: Processing PersistenceUnitInfo [name: myPersistenceUnit]
2024-07-15T14:22:17,150 WARN   --- [http-nio-8080-exec-3] org.hibernate.orm.deprecation(EntityManagerFactoryBuilderImpl.java:732) : HHH90000021: Encountered deprecated setting [javax.persistence.jdbc.user], use [jakarta.persistence.jdbc.user] instead
2024-07-15T14:22:17,151 WARN   --- [http-nio-8080-exec-3] org.hibernate.orm.deprecation(EntityManagerFactoryBuilderImpl.java:753) : HHH90000021: Encountered deprecated setting [javax.persistence.jdbc.password], use [jakarta.persistence.jdbc.password] instead
2024-07-15T14:22:17,151 WARN   --- [http-nio-8080-exec-3] org.hibernate.orm.deprecation(EntityManagerFactoryBuilderImpl.java:999) : HHH90000021: Encountered deprecated setting [javax.persistence.jdbc.url], use [jakarta.persistence.jdbc.url] instead
2024-07-15T14:22:17,151 WARN   --- [http-nio-8080-exec-3] org.hibernate.orm.deprecation(EntityManagerFactoryBuilderImpl.java:1010) : HHH90000021: Encountered deprecated setting [javax.persistence.jdbc.driver], use [jakarta.persistence.jdbc.driver] instead
2024-07-15T14:22:17,153 INFO   --- [http-nio-8080-exec-3] org.hibernate.cache.internal.RegionFactoryInitiator(RegionFactoryInitiator.java:50) : HHH000026: Second-level cache disabled
2024-07-15T14:22:17,165 WARN   --- [http-nio-8080-exec-3] org.hibernate.orm.deprecation(JdbcEnvironmentInitiator.java:197) : HHH90000021: Encountered deprecated setting [hibernate.temp.use_jdbc_metadata_defaults], use [hibernate.boot.allow_jdbc_metadata_access] instead
2024-07-15T14:22:17,166 WARN   --- [http-nio-8080-exec-3] org.hibernate.orm.deprecation(DialectFactoryImpl.java:153) : HHH90000025: PostgreSQLDialect does not need to be specified explicitly using 'hibernate.dialect' (remove the property setting and it will be selected by default)
2024-07-15T14:22:17,188 WARN   --- [http-nio-8080-exec-3] org.hibernate.orm.connections.pooling(DriverManagerConnectionProviderImpl.java:81) : HHH10001002: Using built-in connection pool (not intended for production use)
2024-07-15T14:22:17,189 INFO   --- [http-nio-8080-exec-3] org.hibernate.orm.connections.pooling(DriverManagerConnectionProviderImpl.java:136) : HHH10001005: Loaded JDBC driver class: org.postgresql.Driver
2024-07-15T14:22:17,189 INFO   --- [http-nio-8080-exec-3] org.hibernate.orm.connections.pooling(DriverManagerConnectionProviderImpl.java:158) : HHH10001012: Connecting with JDBC URL [jdbc:postgresql://localhost:5432/swapiffy]
2024-07-15T14:22:17,189 INFO   --- [http-nio-8080-exec-3] org.hibernate.orm.connections.pooling(DriverManagerConnectionProviderImpl.java:167) : HHH10001001: Connection properties: {password=****, user=Kemal}
2024-07-15T14:22:17,189 INFO   --- [http-nio-8080-exec-3] org.hibernate.orm.connections.pooling(DriverManagerConnectionProviderImpl.java:171) : HHH10001003: Autocommit mode: false
2024-07-15T14:22:17,189 INFO   --- [http-nio-8080-exec-3] org.hibernate.orm.connections.pooling(DriverManagerConnectionProviderImpl.java:372) : HHH10001115: Connection pool size: 20 (min=1)
2024-07-15T14:22:17,235 INFO   --- [http-nio-8080-exec-3] org.hibernate.engine.transaction.jta.platform.internal.JtaPlatformInitiator(JtaPlatformInitiator.java:59) : HHH000489: No JTA platform available (set 'hibernate.transaction.jta.platform' to enable JTA platform integration)
2024-07-15T14:44:22,692 INFO   --- [http-nio-8080-exec-10] org.hibernate.jpa.internal.util.LogHelper(LogHelper.java:31) : HHH000204: Processing PersistenceUnitInfo [name: myPersistenceUnit]
2024-07-15T14:44:22,695 WARN   --- [http-nio-8080-exec-10] org.hibernate.orm.deprecation(EntityManagerFactoryBuilderImpl.java:732) : HHH90000021: Encountered deprecated setting [javax.persistence.jdbc.user], use [jakarta.persistence.jdbc.user] instead
2024-07-15T14:44:22,696 WARN   --- [http-nio-8080-exec-10] org.hibernate.orm.deprecation(EntityManagerFactoryBuilderImpl.java:753) : HHH90000021: Encountered deprecated setting [javax.persistence.jdbc.password], use [jakarta.persistence.jdbc.password] instead
2024-07-15T14:44:22,696 WARN   --- [http-nio-8080-exec-10] org.hibernate.orm.deprecation(EntityManagerFactoryBuilderImpl.java:999) : HHH90000021: Encountered deprecated setting [javax.persistence.jdbc.url], use [jakarta.persistence.jdbc.url] instead
2024-07-15T14:44:22,696 WARN   --- [http-nio-8080-exec-10] org.hibernate.orm.deprecation(EntityManagerFactoryBuilderImpl.java:1010) : HHH90000021: Encountered deprecated setting [javax.persistence.jdbc.driver], use [jakarta.persistence.jdbc.driver] instead
2024-07-15T14:44:22,698 INFO   --- [http-nio-8080-exec-10] org.hibernate.cache.internal.RegionFactoryInitiator(RegionFactoryInitiator.java:50) : HHH000026: Second-level cache disabled
2024-07-15T14:44:22,709 WARN   --- [http-nio-8080-exec-10] org.hibernate.orm.deprecation(JdbcEnvironmentInitiator.java:197) : HHH90000021: Encountered deprecated setting [hibernate.temp.use_jdbc_metadata_defaults], use [hibernate.boot.allow_jdbc_metadata_access] instead
2024-07-15T14:44:22,710 WARN   --- [http-nio-8080-exec-10] org.hibernate.orm.deprecation(DialectFactoryImpl.java:153) : HHH90000025: PostgreSQLDialect does not need to be specified explicitly using 'hibernate.dialect' (remove the property setting and it will be selected by default)
2024-07-15T14:44:22,734 WARN   --- [http-nio-8080-exec-10] org.hibernate.orm.connections.pooling(DriverManagerConnectionProviderImpl.java:81) : HHH10001002: Using built-in connection pool (not intended for production use)
2024-07-15T14:44:22,734 INFO   --- [http-nio-8080-exec-10] org.hibernate.orm.connections.pooling(DriverManagerConnectionProviderImpl.java:136) : HHH10001005: Loaded JDBC driver class: org.postgresql.Driver
2024-07-15T14:44:22,734 INFO   --- [http-nio-8080-exec-10] org.hibernate.orm.connections.pooling(DriverManagerConnectionProviderImpl.java:158) : HHH10001012: Connecting with JDBC URL [jdbc:postgresql://localhost:5432/swapiffy]
2024-07-15T14:44:22,734 INFO   --- [http-nio-8080-exec-10] org.hibernate.orm.connections.pooling(DriverManagerConnectionProviderImpl.java:167) : HHH10001001: Connection properties: {password=****, user=Kemal}
2024-07-15T14:44:22,734 INFO   --- [http-nio-8080-exec-10] org.hibernate.orm.connections.pooling(DriverManagerConnectionProviderImpl.java:171) : HHH10001003: Autocommit mode: false
2024-07-15T14:44:22,734 INFO   --- [http-nio-8080-exec-10] org.hibernate.orm.connections.pooling(DriverManagerConnectionProviderImpl.java:372) : HHH10001115: Connection pool size: 20 (min=1)
2024-07-15T14:44:22,771 INFO   --- [http-nio-8080-exec-10] org.hibernate.engine.transaction.jta.platform.internal.JtaPlatformInitiator(JtaPlatformInitiator.java:59) : HHH000489: No JTA platform available (set 'hibernate.transaction.jta.platform' to enable JTA platform integration)
